3922:C 20 Mar 08:11:37.705 # Warning: no config file specified, using the default config. In order to specify a config file use redis-server /path/to/redis.conf
3922:M 20 Mar 08:11:37.707 * Increased maximum number of open files to 10032 (it was originally set to 256).
                _._                                                  
           _.-``__ ''-._                                             
      _.-``    `.  `_.  ''-._           Redis 3.2.3 (00000000/0) 64 bit
  .-`` .-```.  ```\/    _.,_ ''-._                                   
 (    '      ,       .-`  | `,    )     Running in standalone mode
 |`-._`-...-` __...-.``-._|'` _.-'|     Port: 6379
 |    `-._   `._    /     _.-'    |     PID: 3922
  `-._    `-._  `-./  _.-'    _.-'                                   
 |`-._`-._    `-.__.-'    _.-'_.-'|                                  
 |    `-._`-._        _.-'_.-'    |           http://redis.io        
  `-._    `-._`-.__.-'_.-'    _.-'                                   
 |`-._`-._    `-.__.-'    _.-'_.-'|                                  
 |    `-._`-._        _.-'_.-'    |                                  
  `-._    `-._`-.__.-'_.-'    _.-'                                   
      `-._    `-.__.-'    _.-'                                       
          `-._        _.-'                                           
              `-.__.-'                                               

3922:M 20 Mar 08:11:37.710 # Server started, Redis version 3.2.3
3922:M 20 Mar 08:11:37.710 * The server is now ready to accept connections on port 6379
Starting MySQL
 SUCCESS! 
Error: Unable to access jarfile elasticmq-server-0.12.1.jar
Initializing DynamoDB Local with the following configuration:
Port:	8000
InMemory:	true
DbPath:	null
SharedDb:	false
shouldDelayTransientStatuses:	false
CorsParams:	*

[2017-03-20 08:11:40,211][INFO ][node                     ] [Dum-Dum Dugan] version[1.7.6], pid[4029], build[c730b59/2016-11-18T15:21:16Z]
[2017-03-20 08:11:40,212][INFO ][node                     ] [Dum-Dum Dugan] initializing ...
[2017-03-20 08:11:40,312][INFO ][plugins                  ] [Dum-Dum Dugan] loaded [], sites []
[2017-03-20 08:11:40,350][INFO ][env                      ] [Dum-Dum Dugan] using [1] data paths, mounts [[/ (/dev/disk1)]], net usable_space [300.4gb], net total_space [464.7gb], types [hfs]
[2017-03-20 08:11:42,372][INFO ][node                     ] [Dum-Dum Dugan] initialized
[2017-03-20 08:11:42,372][INFO ][node                     ] [Dum-Dum Dugan] starting ...
[2017-03-20 08:11:42,431][INFO ][transport                ] [Dum-Dum Dugan] bound_address {inet[/127.0.0.1:9300]}, publish_address {inet[/127.0.0.1:9300]}
[2017-03-20 08:11:42,444][INFO ][discovery                ] [Dum-Dum Dugan] elasticsearch_mattiasrosberg/p9411uY7StKq-TOY3ZcUDA
[2017-03-20 08:11:46,216][INFO ][cluster.service          ] [Dum-Dum Dugan] new_master [Dum-Dum Dugan][p9411uY7StKq-TOY3ZcUDA][Mattias][inet[/127.0.0.1:9300]], reason: zen-disco-join (elected_as_master)
[2017-03-20 08:11:46,237][INFO ][http                     ] [Dum-Dum Dugan] bound_address {inet[/127.0.0.1:9200]}, publish_address {inet[/127.0.0.1:9200]}
[2017-03-20 08:11:46,237][INFO ][node                     ] [Dum-Dum Dugan] started
[2017-03-20 08:11:46,259][INFO ][gateway                  ] [Dum-Dum Dugan] recovered [2] indices into cluster_state
3922:M 24 Mar 14:35:13.125 * 1 changes in 3600 seconds. Saving...
3922:M 24 Mar 14:35:13.125 * Background saving started by pid 13385
13385:C 24 Mar 14:35:13.127 * DB saved on disk
3922:M 24 Mar 14:35:13.225 * Background saving terminated with success
3922:M 24 Mar 15:35:14.101 * 1 changes in 3600 seconds. Saving...
3922:M 24 Mar 15:35:14.105 * Background saving started by pid 13855
13855:C 24 Mar 15:35:14.108 * DB saved on disk
3922:M 24 Mar 15:35:14.208 * Background saving terminated with success
3922:M 24 Mar 17:08:00.008 * 1 changes in 3600 seconds. Saving...
3922:M 24 Mar 17:08:01.172 * Background saving started by pid 13887
13887:C 24 Mar 17:08:01.204 * DB saved on disk
3922:M 24 Mar 17:08:01.282 * Background saving terminated with success
3922:M 24 Mar 18:08:02.008 * 1 changes in 3600 seconds. Saving...
3922:M 24 Mar 18:08:02.011 * Background saving started by pid 14231
14231:C 24 Mar 18:08:02.015 * DB saved on disk
3922:M 24 Mar 18:08:02.113 * Background saving terminated with success
3922:M 24 Mar 20:56:40.005 * 1 changes in 3600 seconds. Saving...
3922:M 24 Mar 20:56:41.150 * Background saving started by pid 14303
14303:C 24 Mar 20:56:41.167 * DB saved on disk
3922:M 24 Mar 20:56:41.250 * Background saving terminated with success
3922:M 27 Mar 10:36:53.823 * 1 changes in 3600 seconds. Saving...
3922:M 27 Mar 10:36:53.824 * Background saving started by pid 15883
15883:C 27 Mar 10:36:53.828 * DB saved on disk
3922:M 27 Mar 10:36:53.924 * Background saving terminated with success
3922:M 27 Mar 10:43:31.939 * 100 changes in 300 seconds. Saving...
3922:M 27 Mar 10:43:31.940 * Background saving started by pid 15926
15926:C 27 Mar 10:43:31.944 * DB saved on disk
3922:M 27 Mar 10:43:32.040 * Background saving terminated with success
3922:M 27 Mar 10:52:44.564 * 100 changes in 300 seconds. Saving...
3922:M 27 Mar 10:52:44.564 * Background saving started by pid 15953
15953:C 27 Mar 10:52:44.567 * DB saved on disk
3922:M 27 Mar 10:52:44.665 * Background saving terminated with success
3922:M 27 Mar 11:29:44.594 * 100 changes in 300 seconds. Saving...
3922:M 27 Mar 11:29:44.596 * Background saving started by pid 16214
16214:C 27 Mar 11:29:44.600 * DB saved on disk
3922:M 27 Mar 11:29:44.696 * Background saving terminated with success
3922:M 27 Mar 12:29:45.020 * 1 changes in 3600 seconds. Saving...
3922:M 27 Mar 12:29:45.025 * Background saving started by pid 16292
16292:C 27 Mar 12:29:45.030 * DB saved on disk
3922:M 27 Mar 12:29:45.128 * Background saving terminated with success
3922:M 27 Mar 13:29:46.043 * 1 changes in 3600 seconds. Saving...
3922:M 27 Mar 13:29:46.046 * Background saving started by pid 16351
16351:C 27 Mar 13:29:46.050 * DB saved on disk
3922:M 27 Mar 13:29:46.151 * Background saving terminated with success
3922:M 27 Mar 14:29:47.051 * 1 changes in 3600 seconds. Saving...
3922:M 27 Mar 14:29:47.053 * Background saving started by pid 16854
16854:C 27 Mar 14:29:47.059 * DB saved on disk
3922:M 27 Mar 14:29:47.154 * Background saving terminated with success
